<?xml version="1.0" encoding="UTF-8"?>
<!-- Generated by org.testng.reporters.JUnitReportReporter -->
<testsuite skipped="0" hostname="LAPTOP-QOF44QE3" name="NewTest" tests="2" failures="0" timestamp="02 Apr 2021 11:14:39 GMT" time="0.017" errors="0">
  <testcase name="f" time="0.012" classname="NewTest"/>
  <testcase name="f1" time="0.005" classname="NewTest"/>
</testsuite> <!-- NewTest -->
